2021-12-28 13:54:51,551 - mmdet - INFO - Environment info:
------------------------------------------------------------
sys.platform: win32
Python: 3.8.12 (default, Oct 12 2021, 03:01:40) [MSC v.1916 64 bit (AMD64)]
CUDA available: True
GPU 0: NVIDIA GeForce RTX 3070
CUDA_HOME: C:\Program Files\NVIDIA GPU Computing Toolkit\CUDA\v11.1
NVCC: Not Available
GCC: n/a
PyTorch: 1.8.0
PyTorch compiling details: PyTorch built with:
  - C++ Version: 199711
  - MSVC 192829337
  - Intel(R) Math Kernel Library Version 2020.0.0 Product Build 20191125 for Intel(R) 64 architecture applications
  - Intel(R) MKL-DNN v1.7.0 (Git Hash 7aed236906b1f7a05c0917e5257a1af05e9ff683)
  - OpenMP 2019
  - CPU capability usage: AVX2
  - CUDA Runtime 11.1
  - NVCC architecture flags: -gencode;arch=compute_37,code=sm_37;-gencode;arch=compute_50,code=sm_50;-gencode;arch=compute_60,code=sm_60;-gencode;arch=compute_61,code=sm_61;-gencode;arch=compute_70,code=sm_70;-gencode;arch=compute_75,code=sm_75;-gencode;arch=compute_80,code=sm_80;-gencode;arch=compute_86,code=sm_86;-gencode;arch=compute_37,code=compute_37
  - CuDNN 8.0.5
  - Magma 2.5.4
  - Build settings: BLAS_INFO=mkl, BUILD_TYPE=Release, CUDA_VERSION=11.1, CUDNN_VERSION=8.0.5, CXX_COMPILER=C:/cb/pytorch_1000000000000/work/tmp_bin/sccache-cl.exe, CXX_FLAGS=/DWIN32 /D_WINDOWS /GR /EHsc /w /bigobj -DUSE_PTHREADPOOL -openmp:experimental -DNDEBUG -DUSE_FBGEMM -DUSE_XNNPACK, LAPACK_INFO=mkl, PERF_WITH_AVX=1, PERF_WITH_AVX2=1, PERF_WITH_AVX512=1, TORCH_VERSION=1.8.0, USE_CUDA=ON, USE_CUDNN=ON, USE_EXCEPTION_PTR=1, USE_GFLAGS=OFF, USE_GLOG=OFF, USE_MKL=ON, USE_MKLDNN=ON, USE_MPI=OFF, USE_NCCL=OFF, USE_NNPACK=OFF, USE_OPENMP=ON, 

TorchVision: 0.9.0
OpenCV: 4.5.4
MMCV: 1.4.2
MMCV Compiler: MSVC 192930037
MMCV CUDA Compiler: 11.1
MMDetection: 2.19.1+df212e7
------------------------------------------------------------

2021-12-28 13:54:51,772 - mmdet - INFO - Distributed training: False
2021-12-28 13:54:52,003 - mmdet - INFO - Config:
model = dict(
    type='RetinaNet',
    backbone=dict(
        type='ResNet',
        depth=101,
        num_stages=4,
        out_indices=(0, 1, 2, 3),
        frozen_stages=1,
        norm_cfg=dict(type='BN', requires_grad=True),
        norm_eval=True,
        style='pytorch',
        init_cfg=dict(type='Pretrained',
                      checkpoint='torchvision://resnet101')),
    neck=dict(
        type='FPN',
        in_channels=[256, 512, 1024, 2048],
        out_channels=256,
        start_level=1,
        add_extra_convs='on_input',
        num_outs=5),
    bbox_head=dict(
        type='RetinaHead',
        num_classes=80,
        in_channels=256,
        stacked_convs=4,
        feat_channels=256,
        anchor_generator=dict(
            type='AnchorGenerator',
            octave_base_scale=4,
            scales_per_octave=3,
            ratios=[0.5, 1.0, 2.0],
            strides=[8, 16, 32, 64, 128]),
        bbox_coder=dict(
            type='DeltaXYWHBBoxCoder',
            target_means=[0.0, 0.0, 0.0, 0.0],
            target_stds=[1.0, 1.0, 1.0, 1.0]),
        loss_cls=dict(
            type='FocalLoss',
            use_sigmoid=True,
            gamma=2.0,
            alpha=0.25,
            loss_weight=1.0),
        loss_bbox=dict(type='L1Loss', loss_weight=1.0)),
    train_cfg=dict(
        assigner=dict(
            type='MaxIoUAssigner',
            pos_iou_thr=0.5,
            neg_iou_thr=0.4,
            min_pos_iou=0,
            ignore_iof_thr=-1),
        allowed_border=-1,
        pos_weight=-1,
        debug=False),
    test_cfg=dict(
        nms_pre=1000,
        min_bbox_size=0,
        score_thr=0.05,
        nms=dict(type='nms', iou_threshold=0.5),
        max_per_img=100))
dataset_type = 'CocoDataset'
data_root = 'data/coco/'
img_norm_cfg = dict(
    mean=[123.675, 116.28, 103.53], std=[58.395, 57.12, 57.375], to_rgb=True)
train_pipeline = [
    dict(type='LoadImageFromFile'),
    dict(type='LoadAnnotations', with_bbox=True),
    dict(type='Resize', img_scale=(1333, 800), keep_ratio=True),
    dict(type='RandomFlip', flip_ratio=0.5),
    dict(
        type='Normalize',
        mean=[123.675, 116.28, 103.53],
        std=[58.395, 57.12, 57.375],
        to_rgb=True),
    dict(type='Pad', size_divisor=32),
    dict(type='DefaultFormatBundle'),
    dict(type='Collect', keys=['img', 'gt_bboxes', 'gt_labels'])
]
test_pipeline = [
    dict(type='LoadImageFromFile'),
    dict(
        type='MultiScaleFlipAug',
        img_scale=(1333, 800),
        flip=False,
        transforms=[
            dict(type='Resize', keep_ratio=True),
            dict(type='RandomFlip'),
            dict(
                type='Normalize',
                mean=[123.675, 116.28, 103.53],
                std=[58.395, 57.12, 57.375],
                to_rgb=True),
            dict(type='Pad', size_divisor=32),
            dict(type='ImageToTensor', keys=['img']),
            dict(type='Collect', keys=['img'])
        ])
]
data = dict(
    samples_per_gpu=2,
    workers_per_gpu=2,
    train=dict(
        type='CocoDataset',
        ann_file='data/coco/annotations/instances_train2017_small.json',
        img_prefix='data/coco/train2017/',
        pipeline=[
            dict(type='LoadImageFromFile'),
            dict(type='LoadAnnotations', with_bbox=True),
            dict(type='Resize', img_scale=(1333, 800), keep_ratio=True),
            dict(type='RandomFlip', flip_ratio=0.5),
            dict(
                type='Normalize',
                mean=[123.675, 116.28, 103.53],
                std=[58.395, 57.12, 57.375],
                to_rgb=True),
            dict(type='Pad', size_divisor=32),
            dict(type='DefaultFormatBundle'),
            dict(type='Collect', keys=['img', 'gt_bboxes', 'gt_labels'])
        ]),
    val=dict(
        type='CocoDataset',
        ann_file='data/coco/annotations/instances_val2017.json',
        img_prefix='data/coco/val2017/',
        pipeline=[
            dict(type='LoadImageFromFile'),
            dict(
                type='MultiScaleFlipAug',
                img_scale=(1333, 800),
                flip=False,
                transforms=[
                    dict(type='Resize', keep_ratio=True),
                    dict(type='RandomFlip'),
                    dict(
                        type='Normalize',
                        mean=[123.675, 116.28, 103.53],
                        std=[58.395, 57.12, 57.375],
                        to_rgb=True),
                    dict(type='Pad', size_divisor=32),
                    dict(type='ImageToTensor', keys=['img']),
                    dict(type='Collect', keys=['img'])
                ])
        ]),
    test=dict(
        type='CocoDataset',
        ann_file='data/coco/annotations/instances_val2017.json',
        img_prefix='data/coco/val2017/',
        pipeline=[
            dict(type='LoadImageFromFile'),
            dict(
                type='MultiScaleFlipAug',
                img_scale=(1333, 800),
                flip=False,
                transforms=[
                    dict(type='Resize', keep_ratio=True),
                    dict(type='RandomFlip'),
                    dict(
                        type='Normalize',
                        mean=[123.675, 116.28, 103.53],
                        std=[58.395, 57.12, 57.375],
                        to_rgb=True),
                    dict(type='Pad', size_divisor=32),
                    dict(type='ImageToTensor', keys=['img']),
                    dict(type='Collect', keys=['img'])
                ])
        ]))
evaluation = dict(interval=1, metric='bbox')
optimizer = dict(type='SGD', lr=0.01, momentum=0.9, weight_decay=0.0001)
optimizer_config = dict(grad_clip=None)
lr_config = dict(
    policy='CosineRestart',
    periods=[20, 20, 20, 20, 20],
    restart_weights=[1, 1, 1, 1, 1],
    min_lr_ratio=1e-05)
runner = dict(type='EpochBasedRunner', max_epochs=100)
checkpoint_config = dict(interval=20)
log_config = dict(
    interval=50,
    hooks=[dict(type='TextLoggerHook'),
           dict(type='TensorboardLoggerHook')])
custom_hooks = [dict(type='NumClassCheckHook')]
dist_params = dict(backend='nccl')
log_level = 'INFO'
load_from = None
resume_from = None
workflow = [('train', 1)]
work_dir = './work_dirs\retinanet_r101_fpn_1x_coco'
gpu_ids = range(0, 1)

2021-12-28 13:54:52,014 - mmdet - INFO - Set random seed to 1623197630, deterministic: False
2021-12-28 13:54:52,421 - mmdet - INFO - initialize ResNet with init_cfg {'type': 'Pretrained', 'checkpoint': 'torchvision://resnet101'}
2021-12-28 13:54:52,923 - mmdet - INFO - initialize FPN with init_cfg {'type': 'Xavier', 'layer': 'Conv2d', 'distribution': 'uniform'}
2021-12-28 13:54:52,960 - mmdet - INFO - initialize RetinaHead with init_cfg {'type': 'Normal', 'layer': 'Conv2d', 'std': 0.01, 'override': {'type': 'Normal', 'name': 'retina_cls', 'std': 0.01, 'bias_prob': 0.01}}
Name of parameter - Initialization information

backbone.conv1.weight - torch.Size([64, 3, 7, 7]): 
PretrainedInit: load from torchvision://resnet101 

backbone.bn1.weight - torch.Size([64]): 
PretrainedInit: load from torchvision://resnet101 

backbone.bn1.bias - torch.Size([64]): 
PretrainedInit: load from torchvision://resnet101 

backbone.layer1.0.conv1.weight - torch.Size([64, 64, 1, 1]): 
PretrainedInit: load from torchvision://resnet101 

backbone.layer1.0.bn1.weight - torch.Size([64]): 
PretrainedInit: load from torchvision://resnet101 

backbone.layer1.0.bn1.bias - torch.Size([64]): 
PretrainedInit: load from torchvision://resnet101 

backbone.layer1.0.conv2.weight - torch.Size([64, 64, 3, 3]): 
PretrainedInit: load from torchvision://resnet101 

backbone.layer1.0.bn2.weight - torch.Size([64]): 
PretrainedInit: load from torchvision://resnet101 

backbone.layer1.0.bn2.bias - torch.Size([64]): 
PretrainedInit: load from torchvision://resnet101 

backbone.layer1.0.conv3.weight - torch.Size([256, 64, 1, 1]): 
PretrainedInit: load from torchvision://resnet101 

backbone.layer1.0.bn3.weight - torch.Size([256]): 
PretrainedInit: load from torchvision://resnet101 

backbone.layer1.0.bn3.bias - torch.Size([256]): 
PretrainedInit: load from torchvision://resnet101 

backbone.layer1.0.downsample.0.weight - torch.Size([256, 64, 1, 1]): 
PretrainedInit: load from torchvision://resnet101 

backbone.layer1.0.downsample.1.weight - torch.Size([256]): 
PretrainedInit: load from torchvision://resnet101 

backbone.layer1.0.downsample.1.bias - torch.Size([256]): 
PretrainedInit: load from torchvision://resnet101 

backbone.layer1.1.conv1.weight - torch.Size([64, 256, 1, 1]): 
PretrainedInit: load from torchvision://resnet101 

backbone.layer1.1.bn1.weight - torch.Size([64]): 
PretrainedInit: load from torchvision://resnet101 

backbone.layer1.1.bn1.bias - torch.Size([64]): 
PretrainedInit: load from torchvision://resnet101 

backbone.layer1.1.conv2.weight - torch.Size([64, 64, 3, 3]): 
PretrainedInit: load from torchvision://resnet101 

backbone.layer1.1.bn2.weight - torch.Size([64]): 
PretrainedInit: load from torchvision://resnet101 

backbone.layer1.1.bn2.bias - torch.Size([64]): 
PretrainedInit: load from torchvision://resnet101 

backbone.layer1.1.conv3.weight - torch.Size([256, 64, 1, 1]): 
PretrainedInit: load from torchvision://resnet101 

backbone.layer1.1.bn3.weight - torch.Size([256]): 
PretrainedInit: load from torchvision://resnet101 

backbone.layer1.1.bn3.bias - torch.Size([256]): 
PretrainedInit: load from torchvision://resnet101 

backbone.layer1.2.conv1.weight - torch.Size([64, 256, 1, 1]): 
PretrainedInit: load from torchvision://resnet101 

backbone.layer1.2.bn1.weight - torch.Size([64]): 
PretrainedInit: load from torchvision://resnet101 

backbone.layer1.2.bn1.bias - torch.Size([64]): 
PretrainedInit: load from torchvision://resnet101 

backbone.layer1.2.conv2.weight - torch.Size([64, 64, 3, 3]): 
PretrainedInit: load from torchvision://resnet101 

backbone.layer1.2.bn2.weight - torch.Size([64]): 
PretrainedInit: load from torchvision://resnet101 

backbone.layer1.2.bn2.bias - torch.Size([64]): 
PretrainedInit: load from torchvision://resnet101 

backbone.layer1.2.conv3.weight - torch.Size([256, 64, 1, 1]): 
PretrainedInit: load from torchvision://resnet101 

backbone.layer1.2.bn3.weight - torch.Size([256]): 
PretrainedInit: load from torchvision://resnet101 

backbone.layer1.2.bn3.bias - torch.Size([256]): 
PretrainedInit: load from torchvision://resnet101 

backbone.layer2.0.conv1.weight - torch.Size([128, 256, 1, 1]): 
PretrainedInit: load from torchvision://resnet101 

backbone.layer2.0.bn1.weight - torch.Size([128]): 
PretrainedInit: load from torchvision://resnet101 

backbone.layer2.0.bn1.bias - torch.Size([128]): 
PretrainedInit: load from torchvision://resnet101 

backbone.layer2.0.conv2.weight - torch.Size([128, 128, 3, 3]): 
PretrainedInit: load from torchvision://resnet101 

backbone.layer2.0.bn2.weight - torch.Size([128]): 
PretrainedInit: load from torchvision://resnet101 

backbone.layer2.0.bn2.bias - torch.Size([128]): 
PretrainedInit: load from torchvision://resnet101 

backbone.layer2.0.conv3.weight - torch.Size([512, 128, 1, 1]): 
PretrainedInit: load from torchvision://resnet101 

backbone.layer2.0.bn3.weight - torch.Size([512]): 
PretrainedInit: load from torchvision://resnet101 

backbone.layer2.0.bn3.bias - torch.Size([512]): 
PretrainedInit: load from torchvision://resnet101 

backbone.layer2.0.downsample.0.weight - torch.Size([512, 256, 1, 1]): 
PretrainedInit: load from torchvision://resnet101 

backbone.layer2.0.downsample.1.weight - torch.Size([512]): 
PretrainedInit: load from torchvision://resnet101 

backbone.layer2.0.downsample.1.bias - torch.Size([512]): 
PretrainedInit: load from torchvision://resnet101 

backbone.layer2.1.conv1.weight - torch.Size([128, 512, 1, 1]): 
PretrainedInit: load from torchvision://resnet101 

backbone.layer2.1.bn1.weight - torch.Size([128]): 
PretrainedInit: load from torchvision://resnet101 

backbone.layer2.1.bn1.bias - torch.Size([128]): 
PretrainedInit: load from torchvision://resnet101 

backbone.layer2.1.conv2.weight - torch.Size([128, 128, 3, 3]): 
PretrainedInit: load from torchvision://resnet101 

backbone.layer2.1.bn2.weight - torch.Size([128]): 
PretrainedInit: load from torchvision://resnet101 

backbone.layer2.1.bn2.bias - torch.Size([128]): 
PretrainedInit: load from torchvision://resnet101 

backbone.layer2.1.conv3.weight - torch.Size([512, 128, 1, 1]): 
PretrainedInit: load from torchvision://resnet101 

backbone.layer2.1.bn3.weight - torch.Size([512]): 
PretrainedInit: load from torchvision://resnet101 

backbone.layer2.1.bn3.bias - torch.Size([512]): 
PretrainedInit: load from torchvision://resnet101 

backbone.layer2.2.conv1.weight - torch.Size([128, 512, 1, 1]): 
PretrainedInit: load from torchvision://resnet101 

backbone.layer2.2.bn1.weight - torch.Size([128]): 
PretrainedInit: load from torchvision://resnet101 

backbone.layer2.2.bn1.bias - torch.Size([128]): 
PretrainedInit: load from torchvision://resnet101 

backbone.layer2.2.conv2.weight - torch.Size([128, 128, 3, 3]): 
PretrainedInit: load from torchvision://resnet101 

backbone.layer2.2.bn2.weight - torch.Size([128]): 
PretrainedInit: load from torchvision://resnet101 

backbone.layer2.2.bn2.bias - torch.Size([128]): 
PretrainedInit: load from torchvision://resnet101 

backbone.layer2.2.conv3.weight - torch.Size([512, 128, 1, 1]): 
PretrainedInit: load from torchvision://resnet101 

backbone.layer2.2.bn3.weight - torch.Size([512]): 
PretrainedInit: load from torchvision://resnet101 

backbone.layer2.2.bn3.bias - torch.Size([512]): 
PretrainedInit: load from torchvision://resnet101 

backbone.layer2.3.conv1.weight - torch.Size([128, 512, 1, 1]): 
PretrainedInit: load from torchvision://resnet101 

backbone.layer2.3.bn1.weight - torch.Size([128]): 
PretrainedInit: load from torchvision://resnet101 

backbone.layer2.3.bn1.bias - torch.Size([128]): 
PretrainedInit: load from torchvision://resnet101 

backbone.layer2.3.conv2.weight - torch.Size([128, 128, 3, 3]): 
PretrainedInit: load from torchvision://resnet101 

backbone.layer2.3.bn2.weight - torch.Size([128]): 
PretrainedInit: load from torchvision://resnet101 

backbone.layer2.3.bn2.bias - torch.Size([128]): 
PretrainedInit: load from torchvision://resnet101 

backbone.layer2.3.conv3.weight - torch.Size([512, 128, 1, 1]): 
PretrainedInit: load from torchvision://resnet101 

backbone.layer2.3.bn3.weight - torch.Size([512]): 
PretrainedInit: load from torchvision://resnet101 

backbone.layer2.3.bn3.bias - torch.Size([512]): 
PretrainedInit: load from torchvision://resnet101 

backbone.layer3.0.conv1.weight - torch.Size([256, 512, 1, 1]): 
PretrainedInit: load from torchvision://resnet101 

backbone.layer3.0.bn1.weight - torch.Size([256]): 
PretrainedInit: load from torchvision://resnet101 

backbone.layer3.0.bn1.bias - torch.Size([256]): 
PretrainedInit: load from torchvision://resnet101 

backbone.layer3.0.conv2.weight - torch.Size([256, 256, 3, 3]): 
PretrainedInit: load from torchvision://resnet101 

backbone.layer3.0.bn2.weight - torch.Size([256]): 
PretrainedInit: load from torchvision://resnet101 

backbone.layer3.0.bn2.bias - torch.Size([256]): 
PretrainedInit: load from torchvision://resnet101 

backbone.layer3.0.conv3.weight - torch.Size([1024, 256, 1, 1]): 
PretrainedInit: load from torchvision://resnet101 

backbone.layer3.0.bn3.weight - torch.Size([1024]): 
PretrainedInit: load from torchvision://resnet101 

backbone.layer3.0.bn3.bias - torch.Size([1024]): 
PretrainedInit: load from torchvision://resnet101 

backbone.layer3.0.downsample.0.weight - torch.Size([1024, 512, 1, 1]): 
PretrainedInit: load from torchvision://resnet101 

backbone.layer3.0.downsample.1.weight - torch.Size([1024]): 
PretrainedInit: load from torchvision://resnet101 

backbone.layer3.0.downsample.1.bias - torch.Size([1024]): 
PretrainedInit: load from torchvision://resnet101 

backbone.layer3.1.conv1.weight - torch.Size([256, 1024, 1, 1]): 
PretrainedInit: load from torchvision://resnet101 

backbone.layer3.1.bn1.weight - torch.Size([256]): 
PretrainedInit: load from torchvision://resnet101 

backbone.layer3.1.bn1.bias - torch.Size([256]): 
PretrainedInit: load from torchvision://resnet101 

backbone.layer3.1.conv2.weight - torch.Size([256, 256, 3, 3]): 
PretrainedInit: load from torchvision://resnet101 

backbone.layer3.1.bn2.weight - torch.Size([256]): 
PretrainedInit: load from torchvision://resnet101 

backbone.layer3.1.bn2.bias - torch.Size([256]): 
PretrainedInit: load from torchvision://resnet101 

backbone.layer3.1.conv3.weight - torch.Size([1024, 256, 1, 1]): 
PretrainedInit: load from torchvision://resnet101 

backbone.layer3.1.bn3.weight - torch.Size([1024]): 
PretrainedInit: load from torchvision://resnet101 

backbone.layer3.1.bn3.bias - torch.Size([1024]): 
PretrainedInit: load from torchvision://resnet101 

backbone.layer3.2.conv1.weight - torch.Size([256, 1024, 1, 1]): 
PretrainedInit: load from torchvision://resnet101 

backbone.layer3.2.bn1.weight - torch.Size([256]): 
PretrainedInit: load from torchvision://resnet101 

backbone.layer3.2.bn1.bias - torch.Size([256]): 
PretrainedInit: load from torchvision://resnet101 

backbone.layer3.2.conv2.weight - torch.Size([256, 256, 3, 3]): 
PretrainedInit: load from torchvision://resnet101 

backbone.layer3.2.bn2.weight - torch.Size([256]): 
PretrainedInit: load from torchvision://resnet101 

backbone.layer3.2.bn2.bias - torch.Size([256]): 
PretrainedInit: load from torchvision://resnet101 

backbone.layer3.2.conv3.weight - torch.Size([1024, 256, 1, 1]): 
PretrainedInit: load from torchvision://resnet101 

backbone.layer3.2.bn3.weight - torch.Size([1024]): 
PretrainedInit: load from torchvision://resnet101 

backbone.layer3.2.bn3.bias - torch.Size([1024]): 
PretrainedInit: load from torchvision://resnet101 

backbone.layer3.3.conv1.weight - torch.Size([256, 1024, 1, 1]): 
PretrainedInit: load from torchvision://resnet101 

backbone.layer3.3.bn1.weight - torch.Size([256]): 
PretrainedInit: load from torchvision://resnet101 

backbone.layer3.3.bn1.bias - torch.Size([256]): 
PretrainedInit: load from torchvision://resnet101 

backbone.layer3.3.conv2.weight - torch.Size([256, 256, 3, 3]): 
PretrainedInit: load from torchvision://resnet101 

backbone.layer3.3.bn2.weight - torch.Size([256]): 
PretrainedInit: load from torchvision://resnet101 

backbone.layer3.3.bn2.bias - torch.Size([256]): 
PretrainedInit: load from torchvision://resnet101 

backbone.layer3.3.conv3.weight - torch.Size([1024, 256, 1, 1]): 
PretrainedInit: load from torchvision://resnet101 

backbone.layer3.3.bn3.weight - torch.Size([1024]): 
PretrainedInit: load from torchvision://resnet101 

backbone.layer3.3.bn3.bias - torch.Size([1024]): 
PretrainedInit: load from torchvision://resnet101 

backbone.layer3.4.conv1.weight - torch.Size([256, 1024, 1, 1]): 
PretrainedInit: load from torchvision://resnet101 

backbone.layer3.4.bn1.weight - torch.Size([256]): 
PretrainedInit: load from torchvision://resnet101 

backbone.layer3.4.bn1.bias - torch.Size([256]): 
PretrainedInit: load from torchvision://resnet101 

backbone.layer3.4.conv2.weight - torch.Size([256, 256, 3, 3]): 
PretrainedInit: load from torchvision://resnet101 

backbone.layer3.4.bn2.weight - torch.Size([256]): 
PretrainedInit: load from torchvision://resnet101 

backbone.layer3.4.bn2.bias - torch.Size([256]): 
PretrainedInit: load from torchvision://resnet101 

backbone.layer3.4.conv3.weight - torch.Size([1024, 256, 1, 1]): 
PretrainedInit: load from torchvision://resnet101 

backbone.layer3.4.bn3.weight - torch.Size([1024]): 
PretrainedInit: load from torchvision://resnet101 

backbone.layer3.4.bn3.bias - torch.Size([1024]): 
PretrainedInit: load from torchvision://resnet101 

backbone.layer3.5.conv1.weight - torch.Size([256, 1024, 1, 1]): 
PretrainedInit: load from torchvision://resnet101 

backbone.layer3.5.bn1.weight - torch.Size([256]): 
PretrainedInit: load from torchvision://resnet101 

backbone.layer3.5.bn1.bias - torch.Size([256]): 
PretrainedInit: load from torchvision://resnet101 

backbone.layer3.5.conv2.weight - torch.Size([256, 256, 3, 3]): 
PretrainedInit: load from torchvision://resnet101 

backbone.layer3.5.bn2.weight - torch.Size([256]): 
PretrainedInit: load from torchvision://resnet101 

backbone.layer3.5.bn2.bias - torch.Size([256]): 
PretrainedInit: load from torchvision://resnet101 

backbone.layer3.5.conv3.weight - torch.Size([1024, 256, 1, 1]): 
PretrainedInit: load from torchvision://resnet101 

backbone.layer3.5.bn3.weight - torch.Size([1024]): 
PretrainedInit: load from torchvision://resnet101 

backbone.layer3.5.bn3.bias - torch.Size([1024]): 
PretrainedInit: load from torchvision://resnet101 

backbone.layer3.6.conv1.weight - torch.Size([256, 1024, 1, 1]): 
PretrainedInit: load from torchvision://resnet101 

backbone.layer3.6.bn1.weight - torch.Size([256]): 
PretrainedInit: load from torchvision://resnet101 

backbone.layer3.6.bn1.bias - torch.Size([256]): 
PretrainedInit: load from torchvision://resnet101 

backbone.layer3.6.conv2.weight - torch.Size([256, 256, 3, 3]): 
PretrainedInit: load from torchvision://resnet101 

backbone.layer3.6.bn2.weight - torch.Size([256]): 
PretrainedInit: load from torchvision://resnet101 

backbone.layer3.6.bn2.bias - torch.Size([256]): 
PretrainedInit: load from torchvision://resnet101 

backbone.layer3.6.conv3.weight - torch.Size([1024, 256, 1, 1]): 
PretrainedInit: load from torchvision://resnet101 

backbone.layer3.6.bn3.weight - torch.Size([1024]): 
PretrainedInit: load from torchvision://resnet101 

backbone.layer3.6.bn3.bias - torch.Size([1024]): 
PretrainedInit: load from torchvision://resnet101 

backbone.layer3.7.conv1.weight - torch.Size([256, 1024, 1, 1]): 
PretrainedInit: load from torchvision://resnet101 

backbone.layer3.7.bn1.weight - torch.Size([256]): 
PretrainedInit: load from torchvision://resnet101 

backbone.layer3.7.bn1.bias - torch.Size([256]): 
PretrainedInit: load from torchvision://resnet101 

backbone.layer3.7.conv2.weight - torch.Size([256, 256, 3, 3]): 
PretrainedInit: load from torchvision://resnet101 

backbone.layer3.7.bn2.weight - torch.Size([256]): 
PretrainedInit: load from torchvision://resnet101 

backbone.layer3.7.bn2.bias - torch.Size([256]): 
PretrainedInit: load from torchvision://resnet101 

backbone.layer3.7.conv3.weight - torch.Size([1024, 256, 1, 1]): 
PretrainedInit: load from torchvision://resnet101 

backbone.layer3.7.bn3.weight - torch.Size([1024]): 
PretrainedInit: load from torchvision://resnet101 

backbone.layer3.7.bn3.bias - torch.Size([1024]): 
PretrainedInit: load from torchvision://resnet101 

backbone.layer3.8.conv1.weight - torch.Size([256, 1024, 1, 1]): 
PretrainedInit: load from torchvision://resnet101 

backbone.layer3.8.bn1.weight - torch.Size([256]): 
PretrainedInit: load from torchvision://resnet101 

backbone.layer3.8.bn1.bias - torch.Size([256]): 
PretrainedInit: load from torchvision://resnet101 

backbone.layer3.8.conv2.weight - torch.Size([256, 256, 3, 3]): 
PretrainedInit: load from torchvision://resnet101 

backbone.layer3.8.bn2.weight - torch.Size([256]): 
PretrainedInit: load from torchvision://resnet101 

backbone.layer3.8.bn2.bias - torch.Size([256]): 
PretrainedInit: load from torchvision://resnet101 

backbone.layer3.8.conv3.weight - torch.Size([1024, 256, 1, 1]): 
PretrainedInit: load from torchvision://resnet101 

backbone.layer3.8.bn3.weight - torch.Size([1024]): 
PretrainedInit: load from torchvision://resnet101 

backbone.layer3.8.bn3.bias - torch.Size([1024]): 
PretrainedInit: load from torchvision://resnet101 

backbone.layer3.9.conv1.weight - torch.Size([256, 1024, 1, 1]): 
PretrainedInit: load from torchvision://resnet101 

backbone.layer3.9.bn1.weight - torch.Size([256]): 
PretrainedInit: load from torchvision://resnet101 

backbone.layer3.9.bn1.bias - torch.Size([256]): 
PretrainedInit: load from torchvision://resnet101 

backbone.layer3.9.conv2.weight - torch.Size([256, 256, 3, 3]): 
PretrainedInit: load from torchvision://resnet101 

backbone.layer3.9.bn2.weight - torch.Size([256]): 
PretrainedInit: load from torchvision://resnet101 

backbone.layer3.9.bn2.bias - torch.Size([256]): 
PretrainedInit: load from torchvision://resnet101 

backbone.layer3.9.conv3.weight - torch.Size([1024, 256, 1, 1]): 
PretrainedInit: load from torchvision://resnet101 

backbone.layer3.9.bn3.weight - torch.Size([1024]): 
PretrainedInit: load from torchvision://resnet101 

backbone.layer3.9.bn3.bias - torch.Size([1024]): 
PretrainedInit: load from torchvision://resnet101 

backbone.layer3.10.conv1.weight - torch.Size([256, 1024, 1, 1]): 
PretrainedInit: load from torchvision://resnet101 

backbone.layer3.10.bn1.weight - torch.Size([256]): 
PretrainedInit: load from torchvision://resnet101 

backbone.layer3.10.bn1.bias - torch.Size([256]): 
PretrainedInit: load from torchvision://resnet101 

backbone.layer3.10.conv2.weight - torch.Size([256, 256, 3, 3]): 
PretrainedInit: load from torchvision://resnet101 

backbone.layer3.10.bn2.weight - torch.Size([256]): 
PretrainedInit: load from torchvision://resnet101 

backbone.layer3.10.bn2.bias - torch.Size([256]): 
PretrainedInit: load from torchvision://resnet101 

backbone.layer3.10.conv3.weight - torch.Size([1024, 256, 1, 1]): 
PretrainedInit: load from torchvision://resnet101 

backbone.layer3.10.bn3.weight - torch.Size([1024]): 
PretrainedInit: load from torchvision://resnet101 

backbone.layer3.10.bn3.bias - torch.Size([1024]): 
PretrainedInit: load from torchvision://resnet101 

backbone.layer3.11.conv1.weight - torch.Size([256, 1024, 1, 1]): 
PretrainedInit: load from torchvision://resnet101 

backbone.layer3.11.bn1.weight - torch.Size([256]): 
PretrainedInit: load from torchvision://resnet101 

backbone.layer3.11.bn1.bias - torch.Size([256]): 
PretrainedInit: load from torchvision://resnet101 

backbone.layer3.11.conv2.weight - torch.Size([256, 256, 3, 3]): 
PretrainedInit: load from torchvision://resnet101 

backbone.layer3.11.bn2.weight - torch.Size([256]): 
PretrainedInit: load from torchvision://resnet101 

backbone.layer3.11.bn2.bias - torch.Size([256]): 
PretrainedInit: load from torchvision://resnet101 

backbone.layer3.11.conv3.weight - torch.Size([1024, 256, 1, 1]): 
PretrainedInit: load from torchvision://resnet101 

backbone.layer3.11.bn3.weight - torch.Size([1024]): 
PretrainedInit: load from torchvision://resnet101 

backbone.layer3.11.bn3.bias - torch.Size([1024]): 
PretrainedInit: load from torchvision://resnet101 

backbone.layer3.12.conv1.weight - torch.Size([256, 1024, 1, 1]): 
PretrainedInit: load from torchvision://resnet101 

backbone.layer3.12.bn1.weight - torch.Size([256]): 
PretrainedInit: load from torchvision://resnet101 

backbone.layer3.12.bn1.bias - torch.Size([256]): 
PretrainedInit: load from torchvision://resnet101 

backbone.layer3.12.conv2.weight - torch.Size([256, 256, 3, 3]): 
PretrainedInit: load from torchvision://resnet101 

backbone.layer3.12.bn2.weight - torch.Size([256]): 
PretrainedInit: load from torchvision://resnet101 

backbone.layer3.12.bn2.bias - torch.Size([256]): 
PretrainedInit: load from torchvision://resnet101 

backbone.layer3.12.conv3.weight - torch.Size([1024, 256, 1, 1]): 
PretrainedInit: load from torchvision://resnet101 

backbone.layer3.12.bn3.weight - torch.Size([1024]): 
PretrainedInit: load from torchvision://resnet101 

backbone.layer3.12.bn3.bias - torch.Size([1024]): 
PretrainedInit: load from torchvision://resnet101 

backbone.layer3.13.conv1.weight - torch.Size([256, 1024, 1, 1]): 
PretrainedInit: load from torchvision://resnet101 

backbone.layer3.13.bn1.weight - torch.Size([256]): 
PretrainedInit: load from torchvision://resnet101 

backbone.layer3.13.bn1.bias - torch.Size([256]): 
PretrainedInit: load from torchvision://resnet101 

backbone.layer3.13.conv2.weight - torch.Size([256, 256, 3, 3]): 
PretrainedInit: load from torchvision://resnet101 

backbone.layer3.13.bn2.weight - torch.Size([256]): 
PretrainedInit: load from torchvision://resnet101 

backbone.layer3.13.bn2.bias - torch.Size([256]): 
PretrainedInit: load from torchvision://resnet101 

backbone.layer3.13.conv3.weight - torch.Size([1024, 256, 1, 1]): 
PretrainedInit: load from torchvision://resnet101 

backbone.layer3.13.bn3.weight - torch.Size([1024]): 
PretrainedInit: load from torchvision://resnet101 

backbone.layer3.13.bn3.bias - torch.Size([1024]): 
PretrainedInit: load from torchvision://resnet101 

backbone.layer3.14.conv1.weight - torch.Size([256, 1024, 1, 1]): 
PretrainedInit: load from torchvision://resnet101 

backbone.layer3.14.bn1.weight - torch.Size([256]): 
PretrainedInit: load from torchvision://resnet101 

backbone.layer3.14.bn1.bias - torch.Size([256]): 
PretrainedInit: load from torchvision://resnet101 

backbone.layer3.14.conv2.weight - torch.Size([256, 256, 3, 3]): 
PretrainedInit: load from torchvision://resnet101 

backbone.layer3.14.bn2.weight - torch.Size([256]): 
PretrainedInit: load from torchvision://resnet101 

backbone.layer3.14.bn2.bias - torch.Size([256]): 
PretrainedInit: load from torchvision://resnet101 

backbone.layer3.14.conv3.weight - torch.Size([1024, 256, 1, 1]): 
PretrainedInit: load from torchvision://resnet101 

backbone.layer3.14.bn3.weight - torch.Size([1024]): 
PretrainedInit: load from torchvision://resnet101 

backbone.layer3.14.bn3.bias - torch.Size([1024]): 
PretrainedInit: load from torchvision://resnet101 

backbone.layer3.15.conv1.weight - torch.Size([256, 1024, 1, 1]): 
PretrainedInit: load from torchvision://resnet101 

backbone.layer3.15.bn1.weight - torch.Size([256]): 
PretrainedInit: load from torchvision://resnet101 

backbone.layer3.15.bn1.bias - torch.Size([256]): 
PretrainedInit: load from torchvision://resnet101 

backbone.layer3.15.conv2.weight - torch.Size([256, 256, 3, 3]): 
PretrainedInit: load from torchvision://resnet101 

backbone.layer3.15.bn2.weight - torch.Size([256]): 
PretrainedInit: load from torchvision://resnet101 

backbone.layer3.15.bn2.bias - torch.Size([256]): 
PretrainedInit: load from torchvision://resnet101 

backbone.layer3.15.conv3.weight - torch.Size([1024, 256, 1, 1]): 
PretrainedInit: load from torchvision://resnet101 

backbone.layer3.15.bn3.weight - torch.Size([1024]): 
PretrainedInit: load from torchvision://resnet101 

backbone.layer3.15.bn3.bias - torch.Size([1024]): 
PretrainedInit: load from torchvision://resnet101 

backbone.layer3.16.conv1.weight - torch.Size([256, 1024, 1, 1]): 
PretrainedInit: load from torchvision://resnet101 

backbone.layer3.16.bn1.weight - torch.Size([256]): 
PretrainedInit: load from torchvision://resnet101 

backbone.layer3.16.bn1.bias - torch.Size([256]): 
PretrainedInit: load from torchvision://resnet101 

backbone.layer3.16.conv2.weight - torch.Size([256, 256, 3, 3]): 
PretrainedInit: load from torchvision://resnet101 

backbone.layer3.16.bn2.weight - torch.Size([256]): 
PretrainedInit: load from torchvision://resnet101 

backbone.layer3.16.bn2.bias - torch.Size([256]): 
PretrainedInit: load from torchvision://resnet101 

backbone.layer3.16.conv3.weight - torch.Size([1024, 256, 1, 1]): 
PretrainedInit: load from torchvision://resnet101 

backbone.layer3.16.bn3.weight - torch.Size([1024]): 
PretrainedInit: load from torchvision://resnet101 

backbone.layer3.16.bn3.bias - torch.Size([1024]): 
PretrainedInit: load from torchvision://resnet101 

backbone.layer3.17.conv1.weight - torch.Size([256, 1024, 1, 1]): 
PretrainedInit: load from torchvision://resnet101 

backbone.layer3.17.bn1.weight - torch.Size([256]): 
PretrainedInit: load from torchvision://resnet101 

backbone.layer3.17.bn1.bias - torch.Size([256]): 
PretrainedInit: load from torchvision://resnet101 

backbone.layer3.17.conv2.weight - torch.Size([256, 256, 3, 3]): 
PretrainedInit: load from torchvision://resnet101 

backbone.layer3.17.bn2.weight - torch.Size([256]): 
PretrainedInit: load from torchvision://resnet101 

backbone.layer3.17.bn2.bias - torch.Size([256]): 
PretrainedInit: load from torchvision://resnet101 

backbone.layer3.17.conv3.weight - torch.Size([1024, 256, 1, 1]): 
PretrainedInit: load from torchvision://resnet101 

backbone.layer3.17.bn3.weight - torch.Size([1024]): 
PretrainedInit: load from torchvision://resnet101 

backbone.layer3.17.bn3.bias - torch.Size([1024]): 
PretrainedInit: load from torchvision://resnet101 

backbone.layer3.18.conv1.weight - torch.Size([256, 1024, 1, 1]): 
PretrainedInit: load from torchvision://resnet101 

backbone.layer3.18.bn1.weight - torch.Size([256]): 
PretrainedInit: load from torchvision://resnet101 

backbone.layer3.18.bn1.bias - torch.Size([256]): 
PretrainedInit: load from torchvision://resnet101 

backbone.layer3.18.conv2.weight - torch.Size([256, 256, 3, 3]): 
PretrainedInit: load from torchvision://resnet101 

backbone.layer3.18.bn2.weight - torch.Size([256]): 
PretrainedInit: load from torchvision://resnet101 

backbone.layer3.18.bn2.bias - torch.Size([256]): 
PretrainedInit: load from torchvision://resnet101 

backbone.layer3.18.conv3.weight - torch.Size([1024, 256, 1, 1]): 
PretrainedInit: load from torchvision://resnet101 

backbone.layer3.18.bn3.weight - torch.Size([1024]): 
PretrainedInit: load from torchvision://resnet101 

backbone.layer3.18.bn3.bias - torch.Size([1024]): 
PretrainedInit: load from torchvision://resnet101 

backbone.layer3.19.conv1.weight - torch.Size([256, 1024, 1, 1]): 
PretrainedInit: load from torchvision://resnet101 

backbone.layer3.19.bn1.weight - torch.Size([256]): 
PretrainedInit: load from torchvision://resnet101 

backbone.layer3.19.bn1.bias - torch.Size([256]): 
PretrainedInit: load from torchvision://resnet101 

backbone.layer3.19.conv2.weight - torch.Size([256, 256, 3, 3]): 
PretrainedInit: load from torchvision://resnet101 

backbone.layer3.19.bn2.weight - torch.Size([256]): 
PretrainedInit: load from torchvision://resnet101 

backbone.layer3.19.bn2.bias - torch.Size([256]): 
PretrainedInit: load from torchvision://resnet101 

backbone.layer3.19.conv3.weight - torch.Size([1024, 256, 1, 1]): 
PretrainedInit: load from torchvision://resnet101 

backbone.layer3.19.bn3.weight - torch.Size([1024]): 
PretrainedInit: load from torchvision://resnet101 

backbone.layer3.19.bn3.bias - torch.Size([1024]): 
PretrainedInit: load from torchvision://resnet101 

backbone.layer3.20.conv1.weight - torch.Size([256, 1024, 1, 1]): 
PretrainedInit: load from torchvision://resnet101 

backbone.layer3.20.bn1.weight - torch.Size([256]): 
PretrainedInit: load from torchvision://resnet101 

backbone.layer3.20.bn1.bias - torch.Size([256]): 
PretrainedInit: load from torchvision://resnet101 

backbone.layer3.20.conv2.weight - torch.Size([256, 256, 3, 3]): 
PretrainedInit: load from torchvision://resnet101 

backbone.layer3.20.bn2.weight - torch.Size([256]): 
PretrainedInit: load from torchvision://resnet101 

backbone.layer3.20.bn2.bias - torch.Size([256]): 
PretrainedInit: load from torchvision://resnet101 

backbone.layer3.20.conv3.weight - torch.Size([1024, 256, 1, 1]): 
PretrainedInit: load from torchvision://resnet101 

backbone.layer3.20.bn3.weight - torch.Size([1024]): 
PretrainedInit: load from torchvision://resnet101 

backbone.layer3.20.bn3.bias - torch.Size([1024]): 
PretrainedInit: load from torchvision://resnet101 

backbone.layer3.21.conv1.weight - torch.Size([256, 1024, 1, 1]): 
PretrainedInit: load from torchvision://resnet101 

backbone.layer3.21.bn1.weight - torch.Size([256]): 
PretrainedInit: load from torchvision://resnet101 

backbone.layer3.21.bn1.bias - torch.Size([256]): 
PretrainedInit: load from torchvision://resnet101 

backbone.layer3.21.conv2.weight - torch.Size([256, 256, 3, 3]): 
PretrainedInit: load from torchvision://resnet101 

backbone.layer3.21.bn2.weight - torch.Size([256]): 
PretrainedInit: load from torchvision://resnet101 

backbone.layer3.21.bn2.bias - torch.Size([256]): 
PretrainedInit: load from torchvision://resnet101 

backbone.layer3.21.conv3.weight - torch.Size([1024, 256, 1, 1]): 
PretrainedInit: load from torchvision://resnet101 

backbone.layer3.21.bn3.weight - torch.Size([1024]): 
PretrainedInit: load from torchvision://resnet101 

backbone.layer3.21.bn3.bias - torch.Size([1024]): 
PretrainedInit: load from torchvision://resnet101 

backbone.layer3.22.conv1.weight - torch.Size([256, 1024, 1, 1]): 
PretrainedInit: load from torchvision://resnet101 

backbone.layer3.22.bn1.weight - torch.Size([256]): 
PretrainedInit: load from torchvision://resnet101 

backbone.layer3.22.bn1.bias - torch.Size([256]): 
PretrainedInit: load from torchvision://resnet101 

backbone.layer3.22.conv2.weight - torch.Size([256, 256, 3, 3]): 
PretrainedInit: load from torchvision://resnet101 

backbone.layer3.22.bn2.weight - torch.Size([256]): 
PretrainedInit: load from torchvision://resnet101 

backbone.layer3.22.bn2.bias - torch.Size([256]): 
PretrainedInit: load from torchvision://resnet101 

backbone.layer3.22.conv3.weight - torch.Size([1024, 256, 1, 1]): 
PretrainedInit: load from torchvision://resnet101 

backbone.layer3.22.bn3.weight - torch.Size([1024]): 
PretrainedInit: load from torchvision://resnet101 

backbone.layer3.22.bn3.bias - torch.Size([1024]): 
PretrainedInit: load from torchvision://resnet101 

backbone.layer4.0.conv1.weight - torch.Size([512, 1024, 1, 1]): 
PretrainedInit: load from torchvision://resnet101 

backbone.layer4.0.bn1.weight - torch.Size([512]): 
PretrainedInit: load from torchvision://resnet101 

backbone.layer4.0.bn1.bias - torch.Size([512]): 
PretrainedInit: load from torchvision://resnet101 

backbone.layer4.0.conv2.weight - torch.Size([512, 512, 3, 3]): 
PretrainedInit: load from torchvision://resnet101 

backbone.layer4.0.bn2.weight - torch.Size([512]): 
PretrainedInit: load from torchvision://resnet101 

backbone.layer4.0.bn2.bias - torch.Size([512]): 
PretrainedInit: load from torchvision://resnet101 

backbone.layer4.0.conv3.weight - torch.Size([2048, 512, 1, 1]): 
PretrainedInit: load from torchvision://resnet101 

backbone.layer4.0.bn3.weight - torch.Size([2048]): 
PretrainedInit: load from torchvision://resnet101 

backbone.layer4.0.bn3.bias - torch.Size([2048]): 
PretrainedInit: load from torchvision://resnet101 

backbone.layer4.0.downsample.0.weight - torch.Size([2048, 1024, 1, 1]): 
PretrainedInit: load from torchvision://resnet101 

backbone.layer4.0.downsample.1.weight - torch.Size([2048]): 
PretrainedInit: load from torchvision://resnet101 

backbone.layer4.0.downsample.1.bias - torch.Size([2048]): 
PretrainedInit: load from torchvision://resnet101 

backbone.layer4.1.conv1.weight - torch.Size([512, 2048, 1, 1]): 
PretrainedInit: load from torchvision://resnet101 

backbone.layer4.1.bn1.weight - torch.Size([512]): 
PretrainedInit: load from torchvision://resnet101 

backbone.layer4.1.bn1.bias - torch.Size([512]): 
PretrainedInit: load from torchvision://resnet101 

backbone.layer4.1.conv2.weight - torch.Size([512, 512, 3, 3]): 
PretrainedInit: load from torchvision://resnet101 

backbone.layer4.1.bn2.weight - torch.Size([512]): 
PretrainedInit: load from torchvision://resnet101 

backbone.layer4.1.bn2.bias - torch.Size([512]): 
PretrainedInit: load from torchvision://resnet101 

backbone.layer4.1.conv3.weight - torch.Size([2048, 512, 1, 1]): 
PretrainedInit: load from torchvision://resnet101 

backbone.layer4.1.bn3.weight - torch.Size([2048]): 
PretrainedInit: load from torchvision://resnet101 

backbone.layer4.1.bn3.bias - torch.Size([2048]): 
PretrainedInit: load from torchvision://resnet101 

backbone.layer4.2.conv1.weight - torch.Size([512, 2048, 1, 1]): 
PretrainedInit: load from torchvision://resnet101 

backbone.layer4.2.bn1.weight - torch.Size([512]): 
PretrainedInit: load from torchvision://resnet101 

backbone.layer4.2.bn1.bias - torch.Size([512]): 
PretrainedInit: load from torchvision://resnet101 

backbone.layer4.2.conv2.weight - torch.Size([512, 512, 3, 3]): 
PretrainedInit: load from torchvision://resnet101 

backbone.layer4.2.bn2.weight - torch.Size([512]): 
PretrainedInit: load from torchvision://resnet101 

backbone.layer4.2.bn2.bias - torch.Size([512]): 
PretrainedInit: load from torchvision://resnet101 

backbone.layer4.2.conv3.weight - torch.Size([2048, 512, 1, 1]): 
PretrainedInit: load from torchvision://resnet101 

backbone.layer4.2.bn3.weight - torch.Size([2048]): 
PretrainedInit: load from torchvision://resnet101 

backbone.layer4.2.bn3.bias - torch.Size([2048]): 
PretrainedInit: load from torchvision://resnet101 

neck.lateral_convs.0.conv.weight - torch.Size([256, 512, 1, 1]): 
XavierInit: gain=1, distribution=uniform, bias=0 

neck.lateral_convs.0.conv.bias - torch.Size([256]): 
The value is the same before and after calling `init_weights` of RetinaNet  

neck.lateral_convs.1.conv.weight - torch.Size([256, 1024, 1, 1]): 
XavierInit: gain=1, distribution=uniform, bias=0 

neck.lateral_convs.1.conv.bias - torch.Size([256]): 
The value is the same before and after calling `init_weights` of RetinaNet  

neck.lateral_convs.2.conv.weight - torch.Size([256, 2048, 1, 1]): 
XavierInit: gain=1, distribution=uniform, bias=0 

neck.lateral_convs.2.conv.bias - torch.Size([256]): 
The value is the same before and after calling `init_weights` of RetinaNet  

neck.fpn_convs.0.conv.weight - torch.Size([256, 256, 3, 3]): 
XavierInit: gain=1, distribution=uniform, bias=0 

neck.fpn_convs.0.conv.bias - torch.Size([256]): 
The value is the same before and after calling `init_weights` of RetinaNet  

neck.fpn_convs.1.conv.weight - torch.Size([256, 256, 3, 3]): 
XavierInit: gain=1, distribution=uniform, bias=0 

neck.fpn_convs.1.conv.bias - torch.Size([256]): 
The value is the same before and after calling `init_weights` of RetinaNet  

neck.fpn_convs.2.conv.weight - torch.Size([256, 256, 3, 3]): 
XavierInit: gain=1, distribution=uniform, bias=0 

neck.fpn_convs.2.conv.bias - torch.Size([256]): 
The value is the same before and after calling `init_weights` of RetinaNet  

neck.fpn_convs.3.conv.weight - torch.Size([256, 2048, 3, 3]): 
XavierInit: gain=1, distribution=uniform, bias=0 

neck.fpn_convs.3.conv.bias - torch.Size([256]): 
The value is the same before and after calling `init_weights` of RetinaNet  

neck.fpn_convs.4.conv.weight - torch.Size([256, 256, 3, 3]): 
XavierInit: gain=1, distribution=uniform, bias=0 

neck.fpn_convs.4.conv.bias - torch.Size([256]): 
The value is the same before and after calling `init_weights` of RetinaNet  

bbox_head.cls_convs.0.conv.weight - torch.Size([256, 256, 3, 3]): 
NormalInit: mean=0, std=0.01, bias=0 

bbox_head.cls_convs.0.conv.bias - torch.Size([256]): 
The value is the same before and after calling `init_weights` of RetinaNet  

bbox_head.cls_convs.1.conv.weight - torch.Size([256, 256, 3, 3]): 
NormalInit: mean=0, std=0.01, bias=0 

bbox_head.cls_convs.1.conv.bias - torch.Size([256]): 
The value is the same before and after calling `init_weights` of RetinaNet  

bbox_head.cls_convs.2.conv.weight - torch.Size([256, 256, 3, 3]): 
NormalInit: mean=0, std=0.01, bias=0 

bbox_head.cls_convs.2.conv.bias - torch.Size([256]): 
The value is the same before and after calling `init_weights` of RetinaNet  

bbox_head.cls_convs.3.conv.weight - torch.Size([256, 256, 3, 3]): 
NormalInit: mean=0, std=0.01, bias=0 

bbox_head.cls_convs.3.conv.bias - torch.Size([256]): 
The value is the same before and after calling `init_weights` of RetinaNet  

bbox_head.reg_convs.0.conv.weight - torch.Size([256, 256, 3, 3]): 
NormalInit: mean=0, std=0.01, bias=0 

bbox_head.reg_convs.0.conv.bias - torch.Size([256]): 
The value is the same before and after calling `init_weights` of RetinaNet  

bbox_head.reg_convs.1.conv.weight - torch.Size([256, 256, 3, 3]): 
NormalInit: mean=0, std=0.01, bias=0 

bbox_head.reg_convs.1.conv.bias - torch.Size([256]): 
The value is the same before and after calling `init_weights` of RetinaNet  

bbox_head.reg_convs.2.conv.weight - torch.Size([256, 256, 3, 3]): 
NormalInit: mean=0, std=0.01, bias=0 

bbox_head.reg_convs.2.conv.bias - torch.Size([256]): 
The value is the same before and after calling `init_weights` of RetinaNet  

bbox_head.reg_convs.3.conv.weight - torch.Size([256, 256, 3, 3]): 
NormalInit: mean=0, std=0.01, bias=0 

bbox_head.reg_convs.3.conv.bias - torch.Size([256]): 
The value is the same before and after calling `init_weights` of RetinaNet  

bbox_head.retina_cls.weight - torch.Size([720, 256, 3, 3]): 
NormalInit: mean=0, std=0.01, bias=-4.59511985013459 

bbox_head.retina_cls.bias - torch.Size([720]): 
NormalInit: mean=0, std=0.01, bias=-4.59511985013459 

bbox_head.retina_reg.weight - torch.Size([36, 256, 3, 3]): 
NormalInit: mean=0, std=0.01, bias=0 

bbox_head.retina_reg.bias - torch.Size([36]): 
NormalInit: mean=0, std=0.01, bias=0 
2021-12-28 13:54:56,269 - mmdet - INFO - Start running, host: vikinglion@DESKTOP-CO8EM4O, work_dir: D:\MMDETEC\mmdetection\work_dirs\retinanet_r101_fpn_1x_coco
2021-12-28 13:54:56,269 - mmdet - INFO - Hooks will be executed in the following order:
before_run:
(VERY_HIGH   ) CosineRestartLrUpdaterHook         
(NORMAL      ) CheckpointHook                     
(LOW         ) EvalHook                           
(VERY_LOW    ) TextLoggerHook                     
(VERY_LOW    ) TensorboardLoggerHook              
 -------------------- 
before_train_epoch:
(VERY_HIGH   ) CosineRestartLrUpdaterHook         
(NORMAL      ) NumClassCheckHook                  
(LOW         ) IterTimerHook                      
(LOW         ) EvalHook                           
(VERY_LOW    ) TextLoggerHook                     
(VERY_LOW    ) TensorboardLoggerHook              
 -------------------- 
before_train_iter:
(VERY_HIGH   ) CosineRestartLrUpdaterHook         
(LOW         ) IterTimerHook                      
(LOW         ) EvalHook                           
 -------------------- 
after_train_iter:
(ABOVE_NORMAL) OptimizerHook                      
(NORMAL      ) CheckpointHook                     
(LOW         ) IterTimerHook                      
(LOW         ) EvalHook                           
(VERY_LOW    ) TextLoggerHook                     
(VERY_LOW    ) TensorboardLoggerHook              
 -------------------- 
after_train_epoch:
(NORMAL      ) CheckpointHook                     
(LOW         ) EvalHook                           
(VERY_LOW    ) TextLoggerHook                     
(VERY_LOW    ) TensorboardLoggerHook              
 -------------------- 
before_val_epoch:
(NORMAL      ) NumClassCheckHook                  
(LOW         ) IterTimerHook                      
(VERY_LOW    ) TextLoggerHook                     
(VERY_LOW    ) TensorboardLoggerHook              
 -------------------- 
before_val_iter:
(LOW         ) IterTimerHook                      
 -------------------- 
after_val_iter:
(LOW         ) IterTimerHook                      
 -------------------- 
after_val_epoch:
(VERY_LOW    ) TextLoggerHook                     
(VERY_LOW    ) TensorboardLoggerHook              
 -------------------- 
after_run:
(VERY_LOW    ) TextLoggerHook                     
(VERY_LOW    ) TensorboardLoggerHook              
 -------------------- 
2021-12-28 13:54:56,274 - mmdet - INFO - workflow: [('train', 1)], max: 100 epochs
2021-12-28 13:54:56,275 - mmdet - INFO - Checkpoints will be saved to D:\MMDETEC\mmdetection\work_dirs\retinanet_r101_fpn_1x_coco by HardDiskBackend.
2021-12-28 13:55:27,977 - mmdet - INFO - Epoch [1][50/587]	lr: 1.000e-02, eta: 10:14:27, time: 0.629, data_time: 0.206, memory: 5238, loss_cls: 1.2159, loss_bbox: 0.7006, loss: 1.9165
2021-12-28 13:55:46,590 - mmdet - INFO - Epoch [1][100/587]	lr: 1.000e-02, eta: 8:08:29, time: 0.372, data_time: 0.006, memory: 5238, loss_cls: 1.2184, loss_bbox: 0.6870, loss: 1.9054
2021-12-28 13:56:06,021 - mmdet - INFO - Epoch [1][150/587]	lr: 1.000e-02, eta: 7:31:50, time: 0.389, data_time: 0.007, memory: 5238, loss_cls: 1.2262, loss_bbox: 0.6855, loss: 1.9118
2021-12-28 13:56:24,782 - mmdet - INFO - Epoch [1][200/587]	lr: 1.000e-02, eta: 7:10:09, time: 0.376, data_time: 0.007, memory: 5238, loss_cls: 1.1857, loss_bbox: 0.6913, loss: 1.8771
2021-12-28 13:56:43,107 - mmdet - INFO - Epoch [1][250/587]	lr: 1.000e-02, eta: 6:55:09, time: 0.366, data_time: 0.006, memory: 5238, loss_cls: 1.2173, loss_bbox: 0.6611, loss: 1.8783
2021-12-28 13:57:01,867 - mmdet - INFO - Epoch [1][300/587]	lr: 1.000e-02, eta: 6:46:35, time: 0.376, data_time: 0.007, memory: 5238, loss_cls: 1.2017, loss_bbox: 0.6675, loss: 1.8692
2021-12-28 13:57:21,092 - mmdet - INFO - Epoch [1][350/587]	lr: 1.000e-02, eta: 6:41:34, time: 0.384, data_time: 0.006, memory: 5238, loss_cls: 1.2070, loss_bbox: 0.6954, loss: 1.9023
2021-12-28 13:57:41,931 - mmdet - INFO - Epoch [1][400/587]	lr: 1.000e-02, eta: 6:41:41, time: 0.417, data_time: 0.007, memory: 5238, loss_cls: 1.2085, loss_bbox: 0.6830, loss: 1.8915
2021-12-28 13:58:01,222 - mmdet - INFO - Epoch [1][450/587]	lr: 1.000e-02, eta: 6:38:22, time: 0.386, data_time: 0.007, memory: 5238, loss_cls: 1.1826, loss_bbox: 0.6675, loss: 1.8501
2021-12-28 13:58:20,281 - mmdet - INFO - Epoch [1][500/587]	lr: 1.000e-02, eta: 6:35:07, time: 0.380, data_time: 0.007, memory: 5238, loss_cls: 1.1930, loss_bbox: 0.6824, loss: 1.8754
2021-12-28 13:58:38,974 - mmdet - INFO - Epoch [1][550/587]	lr: 1.000e-02, eta: 6:31:54, time: 0.375, data_time: 0.008, memory: 5238, loss_cls: 1.2102, loss_bbox: 0.6750, loss: 1.8852
2021-12-28 14:07:16,462 - mmdet - INFO - Evaluating bbox...
2021-12-28 14:07:16,466 - mmdet - ERROR - The testing results of the whole dataset is empty.
2021-12-28 14:07:16,502 - mmdet - INFO - Exp name: retinanet_r101_fpn_1x_coco.py
2021-12-28 14:07:16,502 - mmdet - INFO - Epoch(val) [1][5000]	
2021-12-28 14:07:45,515 - mmdet - INFO - Epoch [2][50/587]	lr: 9.938e-03, eta: 6:21:40, time: 0.577, data_time: 0.208, memory: 5238, loss_cls: 1.2134, loss_bbox: 0.6975, loss: 1.9109
2021-12-28 14:08:04,363 - mmdet - INFO - Epoch [2][100/587]	lr: 9.938e-03, eta: 6:20:06, time: 0.377, data_time: 0.007, memory: 5238, loss_cls: 1.1948, loss_bbox: 0.6732, loss: 1.8680
2021-12-28 14:08:22,835 - mmdet - INFO - Epoch [2][150/587]	lr: 9.938e-03, eta: 6:18:14, time: 0.370, data_time: 0.007, memory: 5238, loss_cls: 1.1654, loss_bbox: 0.6985, loss: 1.8639
2021-12-28 14:08:41,543 - mmdet - INFO - Epoch [2][200/587]	lr: 9.938e-03, eta: 6:16:48, time: 0.374, data_time: 0.007, memory: 5238, loss_cls: 1.1755, loss_bbox: 0.6828, loss: 1.8583
2021-12-28 14:09:00,304 - mmdet - INFO - Epoch [2][250/587]	lr: 9.938e-03, eta: 6:15:38, time: 0.376, data_time: 0.007, memory: 5238, loss_cls: 1.1725, loss_bbox: 0.6577, loss: 1.8302
2021-12-28 14:09:19,138 - mmdet - INFO - Epoch [2][300/587]	lr: 9.938e-03, eta: 6:14:35, time: 0.376, data_time: 0.007, memory: 5238, loss_cls: 1.1366, loss_bbox: 0.6849, loss: 1.8215
2021-12-28 14:09:37,820 - mmdet - INFO - Epoch [2][350/587]	lr: 9.938e-03, eta: 6:13:31, time: 0.374, data_time: 0.007, memory: 5238, loss_cls: 1.1203, loss_bbox: 0.6727, loss: 1.7929
2021-12-28 14:09:56,867 - mmdet - INFO - Epoch [2][400/587]	lr: 9.938e-03, eta: 6:12:51, time: 0.381, data_time: 0.007, memory: 5238, loss_cls: 1.1365, loss_bbox: 0.6580, loss: 1.7944
2021-12-28 14:10:15,474 - mmdet - INFO - Epoch [2][450/587]	lr: 9.938e-03, eta: 6:11:48, time: 0.372, data_time: 0.006, memory: 5238, loss_cls: 1.1198, loss_bbox: 0.6928, loss: 1.8126
2021-12-28 14:10:34,082 - mmdet - INFO - Epoch [2][500/587]	lr: 9.938e-03, eta: 6:10:51, time: 0.373, data_time: 0.007, memory: 5238, loss_cls: 1.0770, loss_bbox: 0.6604, loss: 1.7374
2021-12-28 14:10:52,657 - mmdet - INFO - Epoch [2][550/587]	lr: 9.938e-03, eta: 6:09:54, time: 0.371, data_time: 0.006, memory: 5238, loss_cls: 1.0895, loss_bbox: 0.6735, loss: 1.7631
2021-12-28 14:19:30,417 - mmdet - INFO - Evaluating bbox...
2021-12-28 14:19:30,419 - mmdet - ERROR - The testing results of the whole dataset is empty.
2021-12-28 14:19:30,454 - mmdet - INFO - Exp name: retinanet_r101_fpn_1x_coco.py
2021-12-28 14:19:30,454 - mmdet - INFO - Epoch(val) [2][5000]	
2021-12-28 14:19:59,345 - mmdet - INFO - Epoch [3][50/587]	lr: 9.755e-03, eta: 6:05:33, time: 0.574, data_time: 0.207, memory: 5238, loss_cls: 1.1158, loss_bbox: 0.6588, loss: 1.7747
2021-12-28 14:20:18,280 - mmdet - INFO - Epoch [3][100/587]	lr: 9.755e-03, eta: 6:05:08, time: 0.379, data_time: 0.007, memory: 5238, loss_cls: 1.0544, loss_bbox: 0.6639, loss: 1.7183
2021-12-28 14:20:37,422 - mmdet - INFO - Epoch [3][150/587]	lr: 9.755e-03, eta: 6:04:52, time: 0.383, data_time: 0.007, memory: 5238, loss_cls: 1.0488, loss_bbox: 0.6596, loss: 1.7084
